c:\users\simon\dev\3dg\lawnenforcement\lawnenforcement\x64\debug\vc143.pdb
c:\users\simon\dev\3dg\lawnenforcement\lawnenforcement\x64\debug\vc143.idb
c:\users\simon\dev\3dg\lawnenforcement\lawnenforcement\x64\debug\tigl.obj
c:\users\simon\dev\3dg\lawnenforcement\lawnenforcement\x64\debug\texture.obj
c:\users\simon\dev\3dg\lawnenforcement\lawnenforcement\x64\debug\scene.obj
c:\users\simon\dev\3dg\lawnenforcement\lawnenforcement\x64\debug\lawntilecomponent.obj
c:\users\simon\dev\3dg\lawnenforcement\lawnenforcement\x64\debug\lawnenforcement.obj
c:\users\simon\dev\3dg\lawnenforcement\lawnenforcement\x64\debug\gameobject.obj
c:\users\simon\dev\3dg\lawnenforcement\lawnenforcement\x64\debug\game.obj
c:\users\simon\dev\3dg\lawnenforcement\lawnenforcement\x64\debug\firstpersoncamera.obj
c:\users\simon\dev\3dg\lawnenforcement\lawnenforcement\x64\debug\cubecomponent.obj
c:\users\simon\dev\3dg\lawnenforcement\lawnenforcement\x64\debug\modelcomponent.obj
c:\users\simon\dev\3dg\lawnenforcement\lawnenforcement\x64\debug\lawnenforcement.ilk
c:\users\simon\dev\3dg\lawnenforcement\x64\debug\lawnenforcement.pdb
c:\users\simon\dev\3dg\lawnenforcement\lawnenforcement\x64\debug\lawnenforcement.tlog\cl.command.1.tlog
c:\users\simon\dev\3dg\lawnenforcement\lawnenforcement\x64\debug\lawnenforcement.tlog\cl.items.tlog
c:\users\simon\dev\3dg\lawnenforcement\lawnenforcement\x64\debug\lawnenforcement.tlog\cl.read.1.tlog
c:\users\simon\dev\3dg\lawnenforcement\lawnenforcement\x64\debug\lawnenforcement.tlog\cl.write.1.tlog
c:\users\simon\dev\3dg\lawnenforcement\lawnenforcement\x64\debug\lawnenforcement.tlog\link-cvtres.read.1.tlog
c:\users\simon\dev\3dg\lawnenforcement\lawnenforcement\x64\debug\lawnenforcement.tlog\link-cvtres.write.1.tlog
c:\users\simon\dev\3dg\lawnenforcement\lawnenforcement\x64\debug\lawnenforcement.tlog\link-rc.read.1.tlog
c:\users\simon\dev\3dg\lawnenforcement\lawnenforcement\x64\debug\lawnenforcement.tlog\link-rc.write.1.tlog
c:\users\simon\dev\3dg\lawnenforcement\lawnenforcement\x64\debug\lawnenforcement.tlog\link.16644-cvtres.read.1.tlog
c:\users\simon\dev\3dg\lawnenforcement\lawnenforcement\x64\debug\lawnenforcement.tlog\link.16644-cvtres.write.1.tlog
c:\users\simon\dev\3dg\lawnenforcement\lawnenforcement\x64\debug\lawnenforcement.tlog\link.16644-rc.read.1.tlog
c:\users\simon\dev\3dg\lawnenforcement\lawnenforcement\x64\debug\lawnenforcement.tlog\link.16644-rc.write.1.tlog
c:\users\simon\dev\3dg\lawnenforcement\lawnenforcement\x64\debug\lawnenforcement.tlog\link.16644.read.1.tlog
c:\users\simon\dev\3dg\lawnenforcement\lawnenforcement\x64\debug\lawnenforcement.tlog\link.16644.read.2.tlog
c:\users\simon\dev\3dg\lawnenforcement\lawnenforcement\x64\debug\lawnenforcement.tlog\link.16644.write.1.tlog
c:\users\simon\dev\3dg\lawnenforcement\lawnenforcement\x64\debug\lawnenforcement.tlog\link.command.1.tlog
c:\users\simon\dev\3dg\lawnenforcement\lawnenforcement\x64\debug\lawnenforcement.tlog\link.read.1.tlog
c:\users\simon\dev\3dg\lawnenforcement\lawnenforcement\x64\debug\lawnenforcement.tlog\link.read.2.tlog
c:\users\simon\dev\3dg\lawnenforcement\lawnenforcement\x64\debug\lawnenforcement.tlog\link.secondary.1.tlog
c:\users\simon\dev\3dg\lawnenforcement\lawnenforcement\x64\debug\lawnenforcement.tlog\link.write.1.tlog
